<?xml version="1.0" encoding="UTF-8"?>
<testsuite name="dev.smurf.realTests.POPServerTest" tests="1" skipped="0" failures="0" errors="0" timestamp="2021-11-11T14:18:23" hostname="MacBook-Pro-Evgenij.local" time="0.05">
  <properties/>
  <testcase name="univarsalVerify()" classname="dev.smurf.realTests.POPServerTest" time="0.05"/>
  <system-out><![CDATA[]]></system-out>
  <system-err><![CDATA[]]></system-err>
</testsuite>
